- Using Emacs 30.2 @ /usr/sbin/emacs
> Synchronizing "default" profile...
  > Regenerating envvars file
    ✓ Generated ~/.config/emacs/.local/env
  > Ensuring packages are installed and built...
    > Updating recipe repos...
      > Updating recipes for melpa...
      > Updating recipes for nongnu-elpa...
      > Updating recipes for gnu-elpa-mirror...
      > Updating recipes for el-get...
      > Updating recipes for emacsmirror-mirror...
    > Cloning emacs (for catppuccin-theme)...
    > Building catppuccin-theme...
      INFO     Scraping 3 files for loaddefs... 
      INFO     Scraping 3 files for loaddefs...done
      GEN      catppuccin-theme-autoloads.el
    > Cloning org-gcal.el...
    - org-gcal: checked out 36cbdb453d950b120bee08d0f05d2ab77b2f5edd
    > Building org-gcal...
    > Building org-gcal > Cloning emacs-aio...
    > Building org-gcal > Building aio...
      INFO     Scraping 1 files for loaddefs... 
      INFO     Scraping 1 files for loaddefs...done
    > Building org-gcal > Cloning alert...
    > Building org-gcal > Building alert...
    > Building org-gcal > Building alert > Cloning gntp.el...
    > Building org-gcal > Building alert > Building gntp...
      INFO     Scraping 1 files for loaddefs... 
      INFO     Scraping 1 files for loaddefs...done
      GEN      gntp-autoloads.el
    > Building org-gcal > Building alert > Cloning log4e...
    > Building org-gcal > Building alert > Building log4e...
      INFO     Scraping 1 files for loaddefs... 
      INFO     Scraping 1 files for loaddefs...done
      GEN      log4e-autoloads.el
    > Building org-gcal > Building alert...
      INFO     Scraping 1 files for loaddefs... 
      INFO     Scraping 1 files for loaddefs...done
      GEN      alert-autoloads.el
    > Building org-gcal > Cloning elnode...
    > Building org-gcal > Building elnode...
    > Building org-gcal > Building elnode > Cloning emacs-web...
    > Building org-gcal > Building elnode > Building web...
      INFO     Scraping 1 files for loaddefs... 
      INFO     Scraping 1 files for loaddefs...done
      GEN      web-autoloads.el
    > Building org-gcal > Building elnode > Cloning emacs-noflet...
    > Building org-gcal > Building elnode > Building noflet...
      INFO     Scraping 1 files for loaddefs... 
      INFO     Scraping 1 files for loaddefs...done
    > Building org-gcal > Building elnode > Cloning elwikicreole (for creole)...
    > Building org-gcal > Building elnode > Building creole...
    > Building org-gcal > Building elnode > Building creole > Cloning emacs-kv...
    > Building org-gcal > Building elnode > Building creole > Building kv...
      INFO     Scraping 1 files for loaddefs... 
      INFO     Scraping 1 files for loaddefs...done
    > Building org-gcal > Building elnode > Building creole...
      INFO     Scraping 1 files for loaddefs... 
      INFO     Scraping 1 files for loaddefs...done
      GEN      creole-autoloads.el
    > Building org-gcal > Building elnode > Cloning emacs-fakir...
    > Building org-gcal > Building elnode > Building fakir...
      INFO     Scraping 1 files for loaddefs... 
      INFO     Scraping 1 files for loaddefs...done
    > Building org-gcal > Building elnode > Cloning emacs-db...
    > Building org-gcal > Building elnode > Building db...
      INFO     Scraping 1 files for loaddefs... 
      INFO     Scraping 1 files for loaddefs...done
    > Building org-gcal > Building elnode...
      INFO     Scraping 8 files for loaddefs... 
      INFO     Scraping 8 files for loaddefs...done
      GEN      elnode-autoloads.el
    > Building org-gcal > Cloning emacs-oauth2-auto...
    > Building org-gcal > Building oauth2-auto...
      INFO     Scraping 1 files for loaddefs... 
      INFO     Scraping 1 files for loaddefs...done
      GEN      oauth2-auto-autoloads.el
    > Building org-gcal > Cloning persist...
    > Building org-gcal > Building persist...
      INFO     Scraping 2 files for loaddefs... 
      INFO     Scraping 2 files for loaddefs...done
    > Building org-gcal > Building request-deferred...
    > Building org-gcal > Building request-deferred > Cloning emacs-deferred...
    > Building org-gcal > Building request-deferred > Building deferred...
      INFO     Scraping 1 files for loaddefs... 
      INFO     Scraping 1 files for loaddefs...done
    > Building org-gcal > Building request-deferred...
      INFO     Scraping 1 files for loaddefs... 
      INFO     Scraping 1 files for loaddefs...done
    > Building org-gcal...
      INFO     Scraping 3 files for loaddefs... 
      INFO     Scraping 3 files for loaddefs...done
      GEN      org-gcal-autoloads.el
    > Cloning emacs-calfw (for calfw-ical)...
    - calfw-ical: checked out 03abce97620a4a7f7ec5f911e669da9031ab9088
    > Building calfw-ical...
      INFO     Scraping 1 files for loaddefs... 
      INFO     Scraping 1 files for loaddefs...done
    > Building calfw-cal...
      INFO     Scraping 1 files for loaddefs... 
      INFO     Scraping 1 files for loaddefs...done
    > Building calfw-org...
      INFO     Scraping 1 files for loaddefs... 
      INFO     Scraping 1 files for loaddefs...done
    > Building calfw...
      INFO     Scraping 1 files for loaddefs... 
      INFO     Scraping 1 files for loaddefs...done
    > Cloning rustic...
    - rustic: pinned to 2b4ac5de3b5f084b45449bbe35d5823b332b3b1e
    > Building rustic...
    > Building rustic > Cloning rust-mode...
    - rustic: pinned to 2b4ac5de3b5f084b45449bbe35d5823b332b3b1e
    > Building rustic > Building rust-mode...
      INFO     Scraping 9 files for loaddefs... 
      INFO     Scraping 9 files for loaddefs...done
      GEN      rust-mode-autoloads.el
    > Building rustic > Cloning spinner...
    - rustic: pinned to 2b4ac5de3b5f084b45449bbe35d5823b332b3b1e
    > Building rustic > Building spinner...
      INFO     Scraping 2 files for loaddefs... 
      INFO     Scraping 2 files for loaddefs...done
      GEN      spinner-autoloads.el
    > Building rustic > Cloning xterm-color...
    - rustic: pinned to 2b4ac5de3b5f084b45449bbe35d5823b332b3b1e
    > Building rustic > Building xterm-color...
      INFO     Scraping 1 files for loaddefs... 
      INFO     Scraping 1 files for loaddefs...done
      GEN      xterm-color-autoloads.el
    > Building rustic...
      INFO     Scraping 16 files for loaddefs... 
      INFO     Scraping 16 files for loaddefs...done
      GEN      rustic-autoloads.el
    > Cloning nodejs-repl.el...
    - nodejs-repl: checked out c232b4964bd1c9f202fd515685b42c69af415f19
    > Building nodejs-repl...
      INFO     Scraping 1 files for loaddefs... 
      INFO     Scraping 1 files for loaddefs...done
      GEN      nodejs-repl-autoloads.el
    > Cloning typescript.el (for typescript-mode)...
    - typescript-mode: checked out 481df3ad2cdf569d8e6697679669ff6206fbd2f9
    > Building typescript-mode...
      INFO     Scraping 2 files for loaddefs... 
      INFO     Scraping 2 files for loaddefs...done
      GEN      typescript-mode-autoloads.el
    > Cloning dape...
    - dape: pinned to 81ee231de1547a8f472e891c8e2499b23e2f0c42
    > Building dape...
    > Building dape > Cloning jsonrpc...
    - dape: pinned to 81ee231de1547a8f472e891c8e2499b23e2f0c42
    > Building dape > Building jsonrpc...
      INFO     Scraping 2 files for loaddefs... 
      INFO     Scraping 2 files for loaddefs...done
    > Building dape...
      INFO     Scraping 2 files for loaddefs... 
      INFO     Scraping 2 files for loaddefs...done
      GEN      dape-autoloads.el
    > Cloning apheleia...
    - apheleia: pinned to f1d36031fc162f541f77d4f6c6c0fd6197aba077
    > Building apheleia...
      INFO     Scraping 7 files for loaddefs... 
      INFO     Scraping 7 files for loaddefs...done
      GEN      apheleia-autoloads.el
    > Cloning treesit-fold...
    - treesit-fold: pinned to 67b3e63eacd9fd6fdd3834dbc77fe776702a96b2
    > Building treesit-fold...
      INFO     Scraping 5 files for loaddefs... 
      INFO     Scraping 5 files for loaddefs...done
      GEN      treesit-fold-autoloads.el
    > Cloning ultra-scroll...
    - ultra-scroll: pinned to 8c92a17743af05fedc76beeb58da5eab48398035
    > Building ultra-scroll...
      INFO     Scraping 1 files for loaddefs... 
      INFO     Scraping 1 files for loaddefs...done
      GEN      ultra-scroll-autoloads.el
    ✓ Built 32 package(s)
  > Updating pinned packages...
    - (13/160) magit-section is up-to-date...
    - (21/160) request-deferred is up-to-date...
    - (39/160) link-hint is up-to-date...
    - (40/160) org-gcal is up-to-date...
    - (41/160) calfw-ical is up-to-date...
    - (42/160) calfw-cal is up-to-date...
    - (43/160) calfw-org is up-to-date...
    - (44/160) calfw is up-to-date...
    - (45/160) bash-completion is up-to-date...
    - (46/160) rustic is up-to-date...
    - (47/160) rust-mode is up-to-date...
    - (48/160) ob-async is up-to-date...
    - (49/160) orgit is up-to-date...
    - (50/160) evil-org is up-to-date...
    - (51/160) org-cliplink is up-to-date...
    - (52/160) toc-org is up-to-date...
    - (53/160) ox-clip is up-to-date...
    - (54/160) htmlize is up-to-date...
    - (55/160) avy is up-to-date...
    - (56/160) org-contrib is up-to-date...
    - (57/160) org is up-to-date...
    - (58/160) evil-markdown is up-to-date...
    - (59/160) edit-indirect is up-to-date...
    - (60/160) markdown-toc is up-to-date...
    - (61/160) markdown-mode is up-to-date...
    - (62/160) nodejs-repl is up-to-date...
    - (63/160) typescript-mode is up-to-date...
    - (64/160) buttercup is up-to-date...
    - (65/160) flycheck-package is up-to-date...
    - (66/160) elisp-demos is up-to-date...
    - (67/160) elisp-def is up-to-date...
    - (68/160) overseer is up-to-date...
    - (69/160) macrostep is up-to-date...
    - (70/160) helpful is up-to-date...
    - (71/160) highlight-quoted is up-to-date...
    - (72/160) magit is up-to-date...
    - (73/160) transient is up-to-date...
    - (74/160) request is up-to-date...
    - (75/160) dumb-jump is up-to-date...
    - (76/160) eros is up-to-date...
    - (77/160) quickrun is up-to-date...
    - (78/160) dape is up-to-date...
    - (79/160) package-lint is up-to-date...
    - (80/160) flycheck-popup-tip is up-to-date...
    - (81/160) flycheck is up-to-date...
    - (82/160) git-modes is up-to-date...
    - (83/160) git-timemachine is up-to-date...
    - (84/160) browse-at-remote is up-to-date...
    - (85/160) vundo is up-to-date...
    - (86/160) undo-fu-session is up-to-date...
    - (87/160) undo-fu is up-to-date...
    - (88/160) diredfl is up-to-date...
    - (89/160) dirvish is up-to-date...
    - (90/160) doom-snippets is up-to-date...
    - (91/160) auto-yasnippet is up-to-date...
    - (92/160) apheleia is up-to-date...
    - (93/160) treesit-fold is up-to-date...
    - (94/160) evil-vimish-fold is up-to-date...
    - (95/160) vimish-fold is up-to-date...
    - (96/160) yasnippet is up-to-date...
    - (97/160) evil-collection is up-to-date...
    - (98/160) evil-quick-diff is up-to-date...
    - (99/160) exato is up-to-date...
    - (100/160) evil-visualstar is up-to-date...
    - (101/160) evil-traces is up-to-date...
    - (102/160) evil-textobj-anyblock is up-to-date...
    - (103/160) evil-surround is up-to-date...
    - (104/160) evil-snipe is up-to-date...
    - (105/160) evil-numbers is up-to-date...
    - (106/160) evil-nerd-commenter is up-to-date...
    - (107/160) evil-lion is up-to-date...
    - (108/160) evil-indent-plus is up-to-date...
    - (109/160) evil-exchange is up-to-date...
    - (110/160) evil-escape is up-to-date...
    - (111/160) evil-embrace is up-to-date...
    - (112/160) evil-easymotion is up-to-date...
    - (113/160) evil-args is up-to-date...
    - (114/160) evil is up-to-date...
    - (115/160) persp-mode is up-to-date...
    - (116/160) vi-tilde-fringe is up-to-date...
    - (117/160) diff-hl is up-to-date...
    - (118/160) ultra-scroll is up-to-date...
    - (119/160) evil-goggles is up-to-date...
    - (120/160) evil-anzu is up-to-date...
    - (121/160) anzu is up-to-date...
    - (122/160) doom-modeline is up-to-date...
    - (123/160) hl-todo is up-to-date...
    - (124/160) solaire-mode is up-to-date...
    - (125/160) doom-themes is up-to-date...
    - (126/160) consult-yasnippet is up-to-date...
    - (127/160) wgrep is up-to-date...
    - (128/160) marginalia is up-to-date...
    - (129/160) embark-consult is up-to-date...
    - (130/160) embark is up-to-date...
    - (131/160) consult-flycheck is up-to-date...
    - (132/160) consult-dir is up-to-date...
    - (133/160) consult is up-to-date...
    - (134/160) orderless is up-to-date...
    - (135/160) vertico is up-to-date...
    - (136/160) yasnippet-capf is up-to-date...
    - (137/160) cape is up-to-date...
    - (138/160) corfu is up-to-date...
    - (139/160) which-key is up-to-date...
    - (140/160) general is up-to-date...
    - (141/160) project is up-to-date...
    - (142/160) projectile is up-to-date...
    - (143/160) ws-butler is up-to-date...
    - (144/160) smartparens is up-to-date...
    - (145/160) dtrt-indent is up-to-date...
    - (146/160) better-jumper is up-to-date...
    - (147/160) restart-emacs is up-to-date...
    - (148/160) hide-mode-line is up-to-date...
    - (149/160) nerd-icons is up-to-date...
    - (150/160) gcmh is up-to-date...
    - (151/160) compat is up-to-date...
    - (152/160) auto-minor-mode is up-to-date...
    - (153/160) use-package is up-to-date...
    - (154/160) bind-key is up-to-date...
    - (155/160) straight is up-to-date...
    ✓ All 160 packages are up-to-date
  > Purging orphaned packages (for the emperor)...
    - Skipping builds
    - Skipping elpa packages
    - Skipping repos
    - Skipping regrafting
    - Skipping native bytecode
  > (Re)building profile in ~/.config/emacs/.local/etc/@/...
    > Generating 4 init files...
    ✓ Built init.30.2.el
✓ Finished in 56.25301s
