2023-11-29 07:23:34.957 [info] Added views:workbench.panel.markers.view in workbench.panel.markers
2023-11-29 07:23:34.957 [info] Added views:workbench.panel.output in workbench.panel.output
2023-11-29 07:23:34.957 [info] Added views:terminal in terminal
2023-11-29 07:23:34.957 [info] Added views:outline in workbench.view.explorer
2023-11-29 07:23:34.957 [info] Added views:workbench.scm in workbench.view.scm
2023-11-29 07:23:34.957 [info] Added views:workbench.view.search in workbench.view.search
2023-11-29 07:23:34.957 [info] Added views:timeline in workbench.view.explorer
2023-11-29 07:23:34.957 [info] Added views:workbench.explorer.emptyView in workbench.view.explorer
2023-11-29 07:23:35.270 [info] Added views:workbench.debug.variablesView,workbench.debug.watchExpressionsView,workbench.debug.callStackView,workbench.debug.breakPointsView in workbench.view.debug
2023-11-29 07:23:35.418 [info] Added views:workbench.panel.repl.view in workbench.panel.repl
2023-11-29 07:23:35.419 [info] Removed views:workbench.debug.breakPointsView,workbench.debug.callStackView,workbench.debug.watchExpressionsView,workbench.debug.variablesView from workbench.view.debug
2023-11-29 07:23:35.419 [info] Added views:workbench.debug.welcome in workbench.view.debug
2023-11-29 07:23:35.466 [info] Added views:~remote.forwardedPorts in ~remote.forwardedPortsContainer
2023-11-29 07:24:01.159 [info] Added views:workbench.panel.markers.view in workbench.panel.markers
2023-11-29 07:24:01.160 [info] Added views:workbench.panel.output in workbench.panel.output
2023-11-29 07:24:01.160 [info] Added views:terminal in terminal
2023-11-29 07:24:01.160 [info] Added views:outline in workbench.view.explorer
2023-11-29 07:24:01.160 [info] Added views:workbench.scm in workbench.view.scm
2023-11-29 07:24:01.160 [info] Added views:workbench.view.search in workbench.view.search
2023-11-29 07:24:01.160 [info] Added views:timeline in workbench.view.explorer
2023-11-29 07:24:01.160 [info] Added views:workbench.explorer.fileView in workbench.view.explorer
2023-11-29 07:24:01.413 [info] Added views:workbench.debug.variablesView,workbench.debug.watchExpressionsView,workbench.debug.callStackView,workbench.debug.breakPointsView in workbench.view.debug
2023-11-29 07:24:01.470 [info] Added views:workbench.panel.repl.view in workbench.panel.repl
2023-11-29 07:24:01.471 [info] Removed views:workbench.debug.breakPointsView,workbench.debug.callStackView,workbench.debug.watchExpressionsView,workbench.debug.variablesView from workbench.view.debug
2023-11-29 07:24:01.471 [info] Added views:workbench.debug.welcome in workbench.view.debug
2023-11-29 07:24:01.498 [info] Added views:~remote.forwardedPorts in ~remote.forwardedPortsContainer
