2023-11-29 07:23:35.400 [info] Extension host with pid 337471 started
2023-11-29 07:23:35.425 [info] ExtensionService#_doActivateExtension vscode.git-base, startup: true, activationEvent: '*', root cause: vscode.git
2023-11-29 07:23:35.437 [info] ExtensionService#_doActivateExtension vscode.git, startup: true, activationEvent: '*'
2023-11-29 07:23:35.500 [info] ExtensionService#_doActivateExtension vscode.github, startup: true, activationEvent: '*'
2023-11-29 07:23:35.646 [info] Eager extensions activated
2023-11-29 07:23:35.675 [info] ExtensionService#_doActivateExtension vscode.debug-auto-launch, startup: false, activationEvent: 'onStartupFinished'
2023-11-29 07:23:35.678 [info] ExtensionService#_doActivateExtension vscode.merge-conflict, startup: false, activationEvent: 'onStartupFinished'
2023-11-29 07:24:00.823 [info] Extension host terminating: renderer closed the MessagePort
2023-11-29 07:24:00.833 [info] Extension host with pid 337471 exiting with code 0
2023-11-29 07:24:01.459 [info] Extension host with pid 337845 started
2023-11-29 07:24:01.459 [info] Skipping acquiring lock for /home/notpc/.config/Code - Insiders/User/workspaceStorage/525ad8f454673cf3a5a0b102b536136e.
2023-11-29 07:24:01.472 [info] ExtensionService#_doActivateExtension vscode.git-base, startup: true, activationEvent: '*'
2023-11-29 07:24:01.475 [info] ExtensionService#_doActivateExtension vscode.github, startup: true, activationEvent: '*'
2023-11-29 07:24:01.490 [info] Eager extensions activated
2023-11-29 07:24:01.536 [info] ExtensionService#_doActivateExtension vscode.debug-auto-launch, startup: false, activationEvent: 'onStartupFinished'
2023-11-29 07:24:01.538 [info] ExtensionService#_doActivateExtension vscode.merge-conflict, startup: false, activationEvent: 'onStartupFinished'
2023-11-29 07:24:03.311 [info] ExtensionService#_doActivateExtension vscode.git, startup: false, activationEvent: 'api', root cause: vscode.github
2023-11-29 07:24:04.927 [info] ExtensionService#_doActivateExtension vscode.emmet, startup: false, activationEvent: 'onLanguage'
2023-11-29 07:26:40.639 [info] Extension host terminating: renderer closed the MessagePort
2023-11-29 07:26:40.648 [info] Extension host with pid 337845 exiting with code 0
